2025-02-09 17:12:42,861 - INFO - main - login - Starting login process for test_user
2025-02-09 17:12:54,080 - DEBUG - main - login - Window focused
2025-02-09 17:12:55,922 - ERROR - main - login - Authentication error: random_click() got an unexpected keyword argument 'min_duration'
2025-02-09 17:12:55,922 - INFO - main - wrapper - Resource usage - login: 0.0% CPU, 0.0MB RAM
2025-02-09 17:19:58,706 - INFO - main - login - Starting login process for test_user
2025-02-09 17:20:09,823 - DEBUG - main - login - Window focused
2025-02-09 17:20:11,418 - ERROR - main - login - Authentication error: random_click() got an unexpected keyword argument 'min_duration'
2025-02-09 17:20:11,418 - INFO - main - wrapper - Resource usage - login: 0.0% CPU, 0.0MB RAM
2025-02-09 17:24:37,682 - INFO - main - login - Starting login process for test_user
2025-02-09 17:24:48,688 - DEBUG - main - login - Window focused
2025-02-09 17:24:51,802 - ERROR - main - login - Authentication error: random_click() got an unexpected keyword argument 'min_duration'
2025-02-09 17:24:51,802 - INFO - main - wrapper - Resource usage - login: 0.0% CPU, 0.0MB RAM
2025-02-09 17:50:03,846 - INFO - main - login - Starting login process for test_user
2025-02-09 17:50:14,892 - DEBUG - main - login - Window focused
2025-02-09 17:50:17,993 - ERROR - main - login - Authentication error: random_click() got an unexpected keyword argument 'max_jitter'
2025-02-09 17:50:17,993 - INFO - main - wrapper - Resource usage - login: 0.0% CPU, 0.0MB RAM
2025-02-09 17:51:36,068 - INFO - main - login - Starting login process for test_user
2025-02-09 17:51:47,040 - DEBUG - main - login - Window focused
2025-02-09 17:52:03,743 - INFO - main - login - Starting login process for test_user
2025-02-09 17:52:14,804 - DEBUG - main - login - Window focused
2025-02-09 18:06:30,103 - INFO - main - login - Starting login process for test_user
2025-02-09 18:06:41,148 - DEBUG - main - login - Window focused
2025-02-09 18:07:10,236 - INFO - main - wrapper - Resource usage - login: 0.0% CPU, 0.0MB RAM
